[1210/103418.846:ERROR:directory_reader_win.cc(43)] FindFirstFile: The system cannot find the path specified. (0x3)
[1211/233815.772:ERROR:process_memory_win.cc(73)] ReadMemory at 0x7ff6be2c0000 of 64 bytes failed: Only part of a ReadProcessMemory or WriteProcessMemory request was completed. (0x12B)
[1211/233816.080:WARNING:pe_image_reader.cc(340)] could not read dos header from C:\Program Files\Google\Chrome\Application\chrome.exe
[1211/233816.080:ERROR:process_memory_win.cc(73)] ReadMemory at 0x7ffb69040000 of 64 bytes failed: Only part of a ReadProcessMemory or WriteProcessMemory request was completed. (0x12B)
[1211/233816.080:WARNING:pe_image_reader.cc(340)] could not read dos header from C:\Windows\SYSTEM32\ntdll.dll
[1211/233816.276:ERROR:process_memory_win.cc(73)] ReadMemory at 0x7ffb68d60000 of 64 bytes failed: Only part of a ReadProcessMemory or WriteProcessMemory request was completed. (0x12B)
[1211/233816.276:WARNING:pe_image_reader.cc(340)] could not read dos header from C:\Windows\System32\KERNEL32.DLL
[1211/233816.276:ERROR:process_memory_win.cc(73)] ReadMemory at 0x7ffb66780000 of 64 bytes failed: Only part of a ReadProcessMemory or WriteProcessMemory request was completed. (0x12B)
[1211/233816.276:WARNING:pe_image_reader.cc(340)] could not read dos header from C:\Windows\System32\KERNELBASE.dll
[1211/233816.276:ERROR:process_memory_win.cc(73)] ReadMemory at 0x7ffb363c0000 of 64 bytes failed: Only part of a ReadProcessMemory or WriteProcessMemory request was completed. (0x12B)
[1211/233816.276:WARNING:pe_image_reader.cc(340)] could not read dos header from C:\Program Files\Google\Chrome\Application\87.0.4280.88\chrome_elf.dll
[1211/233816.276:ERROR:process_memory_win.cc(73)] ReadMemory at 0x7ffb55ab0000 of 64 bytes failed: Only part of a ReadProcessMemory or WriteProcessMemory request was completed. (0x12B)
[1211/233816.276:WARNING:pe_image_reader.cc(340)] could not read dos header from C:\Windows\SYSTEM32\VERSION.dll
[1211/233816.276:ERROR:process_memory_win.cc(73)] ReadMemory at 0x7ffb68920000 of 64 bytes failed: Only part of a ReadProcessMemory or WriteProcessMemory request was completed. (0x12B)
[1211/233816.276:WARNING:pe_image_reader.cc(340)] could not read dos header from C:\Windows\System32\msvcrt.dll
[1211/233816.276:ERROR:process_memory_win.cc(73)] ReadMemory at 0x7ffb66fa0000 of 64 bytes failed: Only part of a ReadProcessMemory or WriteProcessMemory request was completed. (0x12B)
[1211/233816.276:WARNING:pe_image_reader.cc(340)] could not read dos header from C:\Windows\System32\bcryptPrimitives.dll
[1211/233816.276:ERROR:process_memory_win.cc(73)] ReadMemory at 0x7ffb682c0000 of 64 bytes failed: Only part of a ReadProcessMemory or WriteProcessMemory request was completed. (0x12B)
[1211/233816.276:WARNING:pe_image_reader.cc(340)] could not read dos header from C:\Windows\System32\ADVAPI32.dll
[1211/233816.276:ERROR:process_memory_win.cc(73)] ReadMemory at 0x7ffb67270000 of 64 bytes failed: Only part of a ReadProcessMemory or WriteProcessMemory request was completed. (0x12B)
[1211/233816.276:WARNING:pe_image_reader.cc(340)] could not read dos header from C:\Windows\System32\sechost.dll
[1211/233816.276:ERROR:process_memory_win.cc(73)] ReadMemory at 0x7ffb68060000 of 64 bytes failed: Only part of a ReadProcessMemory or WriteProcessMemory request was completed. (0x12B)
[1211/233816.276:WARNING:pe_image_reader.cc(340)] could not read dos header from C:\Windows\System32\RPCRT4.dll
[1211/233816.277:ERROR:process_memory_win.cc(73)] ReadMemory at 0x7ffb01a30000 of 64 bytes failed: Only part of a ReadProcessMemory or WriteProcessMemory request was completed. (0x12B)
[1211/233816.277:WARNING:pe_image_reader.cc(340)] could not read dos header from C:\Program Files\Google\Chrome\Application\87.0.4280.88\chrome.dll
[1211/233816.277:ERROR:process_memory_win.cc(73)] ReadMemory at 0x7ffb67e50000 of 64 bytes failed: Only part of a ReadProcessMemory or WriteProcessMemory request was completed. (0x12B)
[1211/233816.277:WARNING:pe_image_reader.cc(340)] could not read dos header from C:\Windows\System32\WS2_32.dll
[1211/233816.277:ERROR:process_memory_win.cc(73)] ReadMemory at 0x7ffb681e0000 of 64 bytes failed: Only part of a ReadProcessMemory or WriteProcessMemory request was completed. (0x12B)
[1211/233816.277:WARNING:pe_image_reader.cc(340)] could not read dos header from C:\Windows\System32\OLEAUT32.dll
[1211/233816.277:ERROR:process_memory_win.cc(73)] ReadMemory at 0x7ffb67020000 of 64 bytes failed: Only part of a ReadProcessMemory or WriteProcessMemory request was completed. (0x12B)
[1211/233816.277:WARNING:pe_image_reader.cc(340)] could not read dos header from C:\Windows\System32\msvcp_win.dll
[1211/233816.277:ERROR:process_memory_win.cc(73)] ReadMemory at 0x7ffb66e50000 of 64 bytes failed: Only part of a ReadProcessMemory or WriteProcessMemory request was completed. (0x12B)
[1211/233816.277:WARNING:pe_image_reader.cc(340)] could not read dos header from C:\Windows\System32\ucrtbase.dll
[1211/233816.277:ERROR:process_memory_win.cc(73)] ReadMemory at 0x7ffb689c0000 of 64 bytes failed: Only part of a ReadProcessMemory or WriteProcessMemory request was completed. (0x12B)
[1211/233816.277:WARNING:pe_image_reader.cc(340)] could not read dos header from C:\Windows\System32\combase.dll
[1211/233816.277:ERROR:process_memory_win.cc(73)] ReadMemory at 0x7ffb66c80000 of 64 bytes failed: Only part of a ReadProcessMemory or WriteProcessMemory request was completed. (0x12B)
[1211/233816.277:WARNING:pe_image_reader.cc(340)] could not read dos header from C:\Windows\System32\WINTRUST.dll
[1211/233816.277:ERROR:process_memory_win.cc(73)] ReadMemory at 0x7ffb65f00000 of 64 bytes failed: Only part of a ReadProcessMemory or WriteProcessMemory request was completed. (0x12B)
[1211/233816.277:WARNING:pe_image_reader.cc(340)] could not read dos header from C:\Windows\System32\MSASN1.dll
[1211/233816.277:ERROR:process_memory_win.cc(73)] ReadMemory at 0x7ffb66ce0000 of 64 bytes failed: Only part of a ReadProcessMemory or WriteProcessMemory request was completed. (0x12B)
[1211/233816.277:WARNING:pe_image_reader.cc(340)] could not read dos header from C:\Windows\System32\CRYPT32.dll
[1211/233816.277:ERROR:process_memory_win.cc(73)] ReadMemory at 0x7ffb55e90000 of 64 bytes failed: Only part of a ReadProcessMemory or WriteProcessMemory request was completed. (0x12B)
[1211/233816.277:WARNING:pe_image_reader.cc(340)] could not read dos header from C:\Windows\SYSTEM32\dbghelp.dll
[1211/233816.277:ERROR:process_memory_win.cc(73)] ReadMemory at 0x7ffb653f0000 of 64 bytes failed: Only part of a ReadProcessMemory or WriteProcessMemory request was completed. (0x12B)
[1211/233816.278:WARNING:pe_image_reader.cc(340)] could not read dos header from C:\Windows\SYSTEM32\IPHLPAPI.DLL
[1211/233816.278:ERROR:process_memory_win.cc(73)] ReadMemory at 0x7ffb63e30000 of 64 bytes failed: Only part of a ReadProcessMemory or WriteProcessMemory request was completed. (0x12B)
[1211/233816.278:WARNING:pe_image_reader.cc(340)] could not read dos header from C:\Windows\SYSTEM32\WINMM.dll
[1211/233816.278:ERROR:process_memory_win.cc(73)] ReadMemory at 0x7ffb4a650000 of 64 bytes failed: Only part of a ReadProcessMemory or WriteProcessMemory request was completed. (0x12B)
[1211/233816.278:WARNING:pe_image_reader.cc(340)] could not read dos header from C:\Windows\SYSTEM32\UIAutomationCore.DLL
[1211/233816.278:ERROR:process_memory_win.cc(73)] ReadMemory at 0x7ffb55c40000 of 64 bytes failed: Only part of a ReadProcessMemory or WriteProcessMemory request was completed. (0x12B)
[1211/233816.278:WARNING:pe_image_reader.cc(340)] could not read dos header from C:\Windows\SYSTEM32\Secur32.dll
[1211/233816.278:ERROR:process_memory_win.cc(73)] ReadMemory at 0x7ffb65e10000 of 64 bytes failed: Only part of a ReadProcessMemory or WriteProcessMemory request was completed. (0x12B)
[1211/233816.278:WARNING:pe_image_reader.cc(340)] could not read dos header from C:\Windows\SYSTEM32\USERENV.dll
[1211/233816.278:ERROR:process_memory_win.cc(73)] ReadMemory at 0x7ffb65f20000 of 64 bytes failed: Only part of a ReadProcessMemory or WriteProcessMemory request was completed. (0x12B)
[1211/233816.278:WARNING:pe_image_reader.cc(340)] could not read dos header from C:\Windows\System32\profapi.dll
[1211/233816.278:ERROR:process_memory_win.cc(73)] ReadMemory at 0x7ffb58d70000 of 64 bytes failed: Only part of a ReadProcessMemory or WriteProcessMemory request was completed. (0x12B)
[1211/233816.278:WARNING:pe_image_reader.cc(340)] could not read dos header from C:\Windows\SYSTEM32\DWrite.dll
[1211/233816.278:ERROR:process_memory_win.cc(73)] ReadMemory at 0x7ffb57160000 of 64 bytes failed: Only part of a ReadProcessMemory or WriteProcessMemory request was completed. (0x12B)
[1211/233816.278:WARNING:pe_image_reader.cc(340)] could not read dos header from C:\Windows\SYSTEM32\WINSPOOL.DRV
[1211/233816.278:ERROR:process_memory_win.cc(73)] ReadMemory at 0x7ffb65f50000 of 64 bytes failed: Only part of a ReadProcessMemory or WriteProcessMemory request was completed. (0x12B)
[1211/233816.278:WARNING:pe_image_reader.cc(340)] could not read dos header from C:\Windows\System32\kernel.appcore.dll
[1211/233816.278:ERROR:process_memory_win.cc(73)] ReadMemory at 0x7ffb65fc0000 of 64 bytes failed: Only part of a ReadProcessMemory or WriteProcessMemory request was completed. (0x12B)
[1211/233816.278:WARNING:pe_image_reader.cc(340)] could not read dos header from C:\Windows\System32\bcrypt.dll
[1211/233816.278:ERROR:process_memory_win.cc(73)] ReadMemory at 0x7ffb5c650000 of 64 bytes failed: Only part of a ReadProcessMemory or WriteProcessMemory request was completed. (0x12B)
[1211/233816.278:WARNING:pe_image_reader.cc(340)] could not read dos header from C:\Windows\SYSTEM32\WINHTTP.dll
[1211/233816.278:ERROR:process_memory_win.cc(73)] ReadMemory at 0x7ffb5ce10000 of 64 bytes failed: Only part of a ReadProcessMemory or WriteProcessMemory request was completed. (0x12B)
[1211/233816.279:WARNING:pe_image_reader.cc(340)] could not read dos header from C:\Windows\SYSTEM32\dhcpcsvc.DLL
[1211/233816.279:ERROR:process_memory_win.cc(73)] ReadMemory at 0x7ffb670f0000 of 64 bytes failed: Only part of a ReadProcessMemory or WriteProcessMemory request was completed. (0x12B)
[1211/233816.279:WARNING:pe_image_reader.cc(340)] could not read dos header from C:\Windows\System32\NSI.dll
[1211/233816.279:ERROR:process_memory_win.cc(73)] ReadMemory at 0x7ffb63e00000 of 64 bytes failed: Only part of a ReadProcessMemory or WriteProcessMemory request was completed. (0x12B)
[1211/233816.279:WARNING:pe_image_reader.cc(340)] could not read dos header from C:\Windows\SYSTEM32\WINMMBASE.dll
[1211/233816.279:ERROR:process_memory_win.cc(73)] ReadMemory at 0x7ffb66f50000 of 64 bytes failed: Only part of a ReadProcessMemory or WriteProcessMemory request was completed. (0x12B)
[1211/233816.279:WARNING:pe_image_reader.cc(340)] could not read dos header from C:\Windows\System32\cfgmgr32.dll
[1211/233816.279:ERROR:process_memory_win.cc(73)] ReadMemory at 0x7ffb62870000 of 64 bytes failed: Only part of a ReadProcessMemory or WriteProcessMemory request was completed. (0x12B)
[1211/233816.279:WARNING:pe_image_reader.cc(340)] could not read dos header from C:\Windows\SYSTEM32\PROPSYS.dll
[1211/233816.279:ERROR:process_memory_win.cc(73)] ReadMemory at 0x7ffb67c30000 of 64 bytes failed: Only part of a ReadProcessMemory or WriteProcessMemory request was completed. (0x12B)
[1211/233816.279:WARNING:pe_image_reader.cc(340)] could not read dos header from C:\Windows\System32\shcore.dll
[1211/233816.279:ERROR:process_memory_win.cc(73)] ReadMemory at 0x7ffb65dd0000 of 64 bytes failed: Only part of a ReadProcessMemory or WriteProcessMemory request was completed. (0x12B)
[1211/233816.279:WARNING:pe_image_reader.cc(340)] could not read dos header from C:\Windows\SYSTEM32\SSPICLI.DLL
[1211/233816.279:ERROR:process_memory_win.cc(73)] ReadMemory at 0x7ffb658b0000 of 64 bytes failed: Only part of a ReadProcessMemory or WriteProcessMemory request was completed. (0x12B)
[1211/233816.279:WARNING:pe_image_reader.cc(340)] could not read dos header from C:\Windows\SYSTEM32\CRYPTBASE.DLL
[1211/233816.585:ERROR:process_memory_win.cc(73)] ReadMemory at 0x7ff6be2c0000 of 64 bytes failed: Only part of a ReadProcessMemory or WriteProcessMemory request was completed. (0x12B)
[1211/233816.585:WARNING:pe_image_reader.cc(340)] could not read dos header from C:\Program Files\Google\Chrome\Application\chrome.exe
[1211/233816.585:ERROR:process_memory_win.cc(73)] ReadMemory at 0x7ffb69040000 of 64 bytes failed: Only part of a ReadProcessMemory or WriteProcessMemory request was completed. (0x12B)
[1211/233816.585:WARNING:pe_image_reader.cc(340)] could not read dos header from C:\Windows\SYSTEM32\ntdll.dll
[1211/233816.585:ERROR:process_memory_win.cc(73)] ReadMemory at 0x7ffb68d60000 of 64 bytes failed: Only part of a ReadProcessMemory or WriteProcessMemory request was completed. (0x12B)
[1211/233816.586:WARNING:pe_image_reader.cc(340)] could not read dos header from C:\Windows\System32\KERNEL32.DLL
[1211/233816.586:ERROR:process_memory_win.cc(73)] ReadMemory at 0x7ffb66780000 of 64 bytes failed: Only part of a ReadProcessMemory or WriteProcessMemory request was completed. (0x12B)
[1211/233816.586:WARNING:pe_image_reader.cc(340)] could not read dos header from C:\Windows\System32\KERNELBASE.dll
[1211/233816.586:ERROR:process_memory_win.cc(73)] ReadMemory at 0x7ffb363c0000 of 64 bytes failed: Only part of a ReadProcessMemory or WriteProcessMemory request was completed. (0x12B)
[1211/233816.586:WARNING:pe_image_reader.cc(340)] could not read dos header from C:\Program Files\Google\Chrome\Application\87.0.4280.88\chrome_elf.dll
[1211/233816.586:ERROR:process_memory_win.cc(73)] ReadMemory at 0x7ffb55ab0000 of 64 bytes failed: Only part of a ReadProcessMemory or WriteProcessMemory request was completed. (0x12B)
[1211/233816.586:WARNING:pe_image_reader.cc(340)] could not read dos header from C:\Windows\SYSTEM32\VERSION.dll
[1211/233816.587:ERROR:process_memory_win.cc(73)] ReadMemory at 0x7ffb68920000 of 64 bytes failed: Only part of a ReadProcessMemory or WriteProcessMemory request was completed. (0x12B)
[1211/233816.587:WARNING:pe_image_reader.cc(340)] could not read dos header from C:\Windows\System32\msvcrt.dll
[1211/233816.587:ERROR:process_memory_win.cc(73)] ReadMemory at 0x7ffb66fa0000 of 64 bytes failed: Only part of a ReadProcessMemory or WriteProcessMemory request was completed. (0x12B)
[1211/233816.587:WARNING:pe_image_reader.cc(340)] could not read dos header from C:\Windows\System32\bcryptPrimitives.dll
[1211/233816.587:ERROR:process_memory_win.cc(73)] ReadMemory at 0x7ffb682c0000 of 64 bytes failed: Only part of a ReadProcessMemory or WriteProcessMemory request was completed. (0x12B)
[1211/233816.587:WARNING:pe_image_reader.cc(340)] could not read dos header from C:\Windows\System32\ADVAPI32.dll
[1211/233816.587:ERROR:process_memory_win.cc(73)] ReadMemory at 0x7ffb67270000 of 64 bytes failed: Only part of a ReadProcessMemory or WriteProcessMemory request was completed. (0x12B)
[1211/233816.587:WARNING:pe_image_reader.cc(340)] could not read dos header from C:\Windows\System32\sechost.dll
[1211/233816.588:ERROR:process_memory_win.cc(73)] ReadMemory at 0x7ffb68060000 of 64 bytes failed: Only part of a ReadProcessMemory or WriteProcessMemory request was completed. (0x12B)
[1211/233816.588:WARNING:pe_image_reader.cc(340)] could not read dos header from C:\Windows\System32\RPCRT4.dll
[1211/233816.588:ERROR:process_memory_win.cc(73)] ReadMemory at 0x7ffb01a30000 of 64 bytes failed: Only part of a ReadProcessMemory or WriteProcessMemory request was completed. (0x12B)
[1211/233816.588:WARNING:pe_image_reader.cc(340)] could not read dos header from C:\Program Files\Google\Chrome\Application\87.0.4280.88\chrome.dll
[1211/233816.588:ERROR:process_memory_win.cc(73)] ReadMemory at 0x7ffb67e50000 of 64 bytes failed: Only part of a ReadProcessMemory or WriteProcessMemory request was completed. (0x12B)
[1211/233816.588:WARNING:pe_image_reader.cc(340)] could not read dos header from C:\Windows\System32\WS2_32.dll
[1211/233816.588:ERROR:process_memory_win.cc(73)] ReadMemory at 0x7ffb681e0000 of 64 bytes failed: Only part of a ReadProcessMemory or WriteProcessMemory request was completed. (0x12B)
[1211/233816.588:WARNING:pe_image_reader.cc(340)] could not read dos header from C:\Windows\System32\OLEAUT32.dll
[1211/233816.589:ERROR:process_memory_win.cc(73)] ReadMemory at 0x7ffb67020000 of 64 bytes failed: Only part of a ReadProcessMemory or WriteProcessMemory request was completed. (0x12B)
[1211/233816.589:WARNING:pe_image_reader.cc(340)] could not read dos header from C:\Windows\System32\msvcp_win.dll
[1211/233816.589:ERROR:process_memory_win.cc(73)] ReadMemory at 0x7ffb66e50000 of 64 bytes failed: Only part of a ReadProcessMemory or WriteProcessMemory request was completed. (0x12B)
[1211/233816.589:WARNING:pe_image_reader.cc(340)] could not read dos header from C:\Windows\System32\ucrtbase.dll
[1211/233816.589:ERROR:process_memory_win.cc(73)] ReadMemory at 0x7ffb689c0000 of 64 bytes failed: Only part of a ReadProcessMemory or WriteProcessMemory request was completed. (0x12B)
[1211/233816.589:WARNING:pe_image_reader.cc(340)] could not read dos header from C:\Windows\System32\combase.dll
[1211/233816.589:ERROR:process_memory_win.cc(73)] ReadMemory at 0x7ffb66c80000 of 64 bytes failed: Only part of a ReadProcessMemory or WriteProcessMemory request was completed. (0x12B)
[1211/233816.590:WARNING:pe_image_reader.cc(340)] could not read dos header from C:\Windows\System32\WINTRUST.dll
[1211/233816.590:ERROR:process_memory_win.cc(73)] ReadMemory at 0x7ffb65f00000 of 64 bytes failed: Only part of a ReadProcessMemory or WriteProcessMemory request was completed. (0x12B)
[1211/233816.590:WARNING:pe_image_reader.cc(340)] could not read dos header from C:\Windows\System32\MSASN1.dll
[1211/233816.590:ERROR:process_memory_win.cc(73)] ReadMemory at 0x7ffb66ce0000 of 64 bytes failed: Only part of a ReadProcessMemory or WriteProcessMemory request was completed. (0x12B)
[1211/233816.590:WARNING:pe_image_reader.cc(340)] could not read dos header from C:\Windows\System32\CRYPT32.dll
[1211/233816.590:ERROR:process_memory_win.cc(73)] ReadMemory at 0x7ffb55e90000 of 64 bytes failed: Only part of a ReadProcessMemory or WriteProcessMemory request was completed. (0x12B)
[1211/233816.590:WARNING:pe_image_reader.cc(340)] could not read dos header from C:\Windows\SYSTEM32\dbghelp.dll
[1211/233816.590:ERROR:process_memory_win.cc(73)] ReadMemory at 0x7ffb653f0000 of 64 bytes failed: Only part of a ReadProcessMemory or WriteProcessMemory request was completed. (0x12B)
[1211/233816.590:WARNING:pe_image_reader.cc(340)] could not read dos header from C:\Windows\SYSTEM32\IPHLPAPI.DLL
[1211/233816.591:ERROR:process_memory_win.cc(73)] ReadMemory at 0x7ffb63e30000 of 64 bytes failed: Only part of a ReadProcessMemory or WriteProcessMemory request was completed. (0x12B)
[1211/233816.591:WARNING:pe_image_reader.cc(340)] could not read dos header from C:\Windows\SYSTEM32\WINMM.dll
[1211/233816.591:ERROR:process_memory_win.cc(73)] ReadMemory at 0x7ffb4a650000 of 64 bytes failed: Only part of a ReadProcessMemory or WriteProcessMemory request was completed. (0x12B)
[1211/233816.591:WARNING:pe_image_reader.cc(340)] could not read dos header from C:\Windows\SYSTEM32\UIAutomationCore.DLL
[1211/233816.591:ERROR:process_memory_win.cc(73)] ReadMemory at 0x7ffb55c40000 of 64 bytes failed: Only part of a ReadProcessMemory or WriteProcessMemory request was completed. (0x12B)
[1211/233816.591:WARNING:pe_image_reader.cc(340)] could not read dos header from C:\Windows\SYSTEM32\Secur32.dll
[1211/233816.591:ERROR:process_memory_win.cc(73)] ReadMemory at 0x7ffb65e10000 of 64 bytes failed: Only part of a ReadProcessMemory or WriteProcessMemory request was completed. (0x12B)
[1211/233816.591:WARNING:pe_image_reader.cc(340)] could not read dos header from C:\Windows\SYSTEM32\USERENV.dll
[1211/233816.591:ERROR:process_memory_win.cc(73)] ReadMemory at 0x7ffb65f20000 of 64 bytes failed: Only part of a ReadProcessMemory or WriteProcessMemory request was completed. (0x12B)
[1211/233816.591:WARNING:pe_image_reader.cc(340)] could not read dos header from C:\Windows\System32\profapi.dll
[1211/233816.592:ERROR:process_memory_win.cc(73)] ReadMemory at 0x7ffb58d70000 of 64 bytes failed: Only part of a ReadProcessMemory or WriteProcessMemory request was completed. (0x12B)
[1211/233816.592:WARNING:pe_image_reader.cc(340)] could not read dos header from C:\Windows\SYSTEM32\DWrite.dll
[1211/233816.592:ERROR:process_memory_win.cc(73)] ReadMemory at 0x7ffb57160000 of 64 bytes failed: Only part of a ReadProcessMemory or WriteProcessMemory request was completed. (0x12B)
[1211/233816.592:WARNING:pe_image_reader.cc(340)] could not read dos header from C:\Windows\SYSTEM32\WINSPOOL.DRV
[1211/233816.592:ERROR:process_memory_win.cc(73)] ReadMemory at 0x7ffb65f50000 of 64 bytes failed: Only part of a ReadProcessMemory or WriteProcessMemory request was completed. (0x12B)
[1211/233816.592:WARNING:pe_image_reader.cc(340)] could not read dos header from C:\Windows\System32\kernel.appcore.dll
[1211/233816.592:ERROR:process_memory_win.cc(73)] ReadMemory at 0x7ffb65fc0000 of 64 bytes failed: Only part of a ReadProcessMemory or WriteProcessMemory request was completed. (0x12B)
[1211/233816.592:WARNING:pe_image_reader.cc(340)] could not read dos header from C:\Windows\System32\bcrypt.dll
[1211/233816.593:ERROR:process_memory_win.cc(73)] ReadMemory at 0x7ffb5c650000 of 64 bytes failed: Only part of a ReadProcessMemory or WriteProcessMemory request was completed. (0x12B)
[1211/233816.593:WARNING:pe_image_reader.cc(340)] could not read dos header from C:\Windows\SYSTEM32\WINHTTP.dll
[1211/233816.593:ERROR:process_memory_win.cc(73)] ReadMemory at 0x7ffb5ce10000 of 64 bytes failed: Only part of a ReadProcessMemory or WriteProcessMemory request was completed. (0x12B)
[1211/233816.593:WARNING:pe_image_reader.cc(340)] could not read dos header from C:\Windows\SYSTEM32\dhcpcsvc.DLL
[1211/233816.593:ERROR:process_memory_win.cc(73)] ReadMemory at 0x7ffb670f0000 of 64 bytes failed: Only part of a ReadProcessMemory or WriteProcessMemory request was completed. (0x12B)
[1211/233816.593:WARNING:pe_image_reader.cc(340)] could not read dos header from C:\Windows\System32\NSI.dll
[1211/233816.593:ERROR:process_memory_win.cc(73)] ReadMemory at 0x7ffb63e00000 of 64 bytes failed: Only part of a ReadProcessMemory or WriteProcessMemory request was completed. (0x12B)
[1211/233816.593:WARNING:pe_image_reader.cc(340)] could not read dos header from C:\Windows\SYSTEM32\WINMMBASE.dll
[1211/233816.593:ERROR:process_memory_win.cc(73)] ReadMemory at 0x7ffb66f50000 of 64 bytes failed: Only part of a ReadProcessMemory or WriteProcessMemory request was completed. (0x12B)
[1211/233816.593:WARNING:pe_image_reader.cc(340)] could not read dos header from C:\Windows\System32\cfgmgr32.dll
[1211/233816.594:ERROR:process_memory_win.cc(73)] ReadMemory at 0x7ffb62870000 of 64 bytes failed: Only part of a ReadProcessMemory or WriteProcessMemory request was completed. (0x12B)
[1211/233816.594:WARNING:pe_image_reader.cc(340)] could not read dos header from C:\Windows\SYSTEM32\PROPSYS.dll
[1211/233816.594:ERROR:process_memory_win.cc(73)] ReadMemory at 0x7ffb67c30000 of 64 bytes failed: Only part of a ReadProcessMemory or WriteProcessMemory request was completed. (0x12B)
[1211/233816.594:WARNING:pe_image_reader.cc(340)] could not read dos header from C:\Windows\System32\shcore.dll
[1211/233816.594:ERROR:process_memory_win.cc(73)] ReadMemory at 0x7ffb65dd0000 of 64 bytes failed: Only part of a ReadProcessMemory or WriteProcessMemory request was completed. (0x12B)
[1211/233816.594:WARNING:pe_image_reader.cc(340)] could not read dos header from C:\Windows\SYSTEM32\SSPICLI.DLL
[1211/233816.595:ERROR:process_memory_win.cc(73)] ReadMemory at 0x7ffb658b0000 of 64 bytes failed: Only part of a ReadProcessMemory or WriteProcessMemory request was completed. (0x12B)
[1211/233816.595:WARNING:pe_image_reader.cc(340)] could not read dos header from C:\Windows\SYSTEM32\CRYPTBASE.DLL
[1211/233816.595:ERROR:process_memory_win.cc(73)] ReadMemory at 0x7ff6be2c0000 of 64 bytes failed: Only part of a ReadProcessMemory or WriteProcessMemory request was completed. (0x12B)
[1211/233816.595:WARNING:pe_image_reader.cc(340)] could not read dos header from C:\Program Files\Google\Chrome\Application\chrome.exe
[1211/233816.595:ERROR:process_memory_win.cc(73)] ReadMemory at 0x7ffb69040000 of 64 bytes failed: Only part of a ReadProcessMemory or WriteProcessMemory request was completed. (0x12B)
[1211/233816.595:WARNING:pe_image_reader.cc(340)] could not read dos header from C:\Windows\SYSTEM32\ntdll.dll
[1211/233816.595:ERROR:process_memory_win.cc(73)] ReadMemory at 0x7ffb68d60000 of 64 bytes failed: Only part of a ReadProcessMemory or WriteProcessMemory request was completed. (0x12B)
[1211/233816.595:WARNING:pe_image_reader.cc(340)] could not read dos header from C:\Windows\System32\KERNEL32.DLL
[1211/233816.595:ERROR:process_memory_win.cc(73)] ReadMemory at 0x7ffb66780000 of 64 bytes failed: Only part of a ReadProcessMemory or WriteProcessMemory request was completed. (0x12B)
[1211/233816.596:WARNING:pe_image_reader.cc(340)] could not read dos header from C:\Windows\System32\KERNELBASE.dll
[1211/233816.596:ERROR:process_memory_win.cc(73)] ReadMemory at 0x7ffb363c0000 of 64 bytes failed: Only part of a ReadProcessMemory or WriteProcessMemory request was completed. (0x12B)
[1211/233816.596:WARNING:pe_image_reader.cc(340)] could not read dos header from C:\Program Files\Google\Chrome\Application\87.0.4280.88\chrome_elf.dll
[1211/233816.596:ERROR:process_memory_win.cc(73)] ReadMemory at 0x7ffb55ab0000 of 64 bytes failed: Only part of a ReadProcessMemory or WriteProcessMemory request was completed. (0x12B)
[1211/233816.596:WARNING:pe_image_reader.cc(340)] could not read dos header from C:\Windows\SYSTEM32\VERSION.dll
[1211/233816.596:ERROR:process_memory_win.cc(73)] ReadMemory at 0x7ffb68920000 of 64 bytes failed: Only part of a ReadProcessMemory or WriteProcessMemory request was completed. (0x12B)
[1211/233816.596:WARNING:pe_image_reader.cc(340)] could not read dos header from C:\Windows\System32\msvcrt.dll
[1211/233816.596:ERROR:process_memory_win.cc(73)] ReadMemory at 0x7ffb66fa0000 of 64 bytes failed: Only part of a ReadProcessMemory or WriteProcessMemory request was completed. (0x12B)
[1211/233816.596:WARNING:pe_image_reader.cc(340)] could not read dos header from C:\Windows\System32\bcryptPrimitives.dll
[1211/233816.597:ERROR:process_memory_win.cc(73)] ReadMemory at 0x7ffb682c0000 of 64 bytes failed: Only part of a ReadProcessMemory or WriteProcessMemory request was completed. (0x12B)
[1211/233816.597:WARNING:pe_image_reader.cc(340)] could not read dos header from C:\Windows\System32\ADVAPI32.dll
[1211/233816.597:ERROR:process_memory_win.cc(73)] ReadMemory at 0x7ffb67270000 of 64 bytes failed: Only part of a ReadProcessMemory or WriteProcessMemory request was completed. (0x12B)
[1211/233816.597:WARNING:pe_image_reader.cc(340)] could not read dos header from C:\Windows\System32\sechost.dll
[1211/233816.597:ERROR:process_memory_win.cc(73)] ReadMemory at 0x7ffb68060000 of 64 bytes failed: Only part of a ReadProcessMemory or WriteProcessMemory request was completed. (0x12B)
[1211/233816.597:WARNING:pe_image_reader.cc(340)] could not read dos header from C:\Windows\System32\RPCRT4.dll
[1211/233816.597:ERROR:process_memory_win.cc(73)] ReadMemory at 0x7ffb01a30000 of 64 bytes failed: Only part of a ReadProcessMemory or WriteProcessMemory request was completed. (0x12B)
[1211/233816.597:WARNING:pe_image_reader.cc(340)] could not read dos header from C:\Program Files\Google\Chrome\Application\87.0.4280.88\chrome.dll
[1211/233816.598:ERROR:process_memory_win.cc(73)] ReadMemory at 0x7ffb67e50000 of 64 bytes failed: Only part of a ReadProcessMemory or WriteProcessMemory request was completed. (0x12B)
[1211/233816.598:WARNING:pe_image_reader.cc(340)] could not read dos header from C:\Windows\System32\WS2_32.dll
[1211/233816.598:ERROR:process_memory_win.cc(73)] ReadMemory at 0x7ffb681e0000 of 64 bytes failed: Only part of a ReadProcessMemory or WriteProcessMemory request was completed. (0x12B)
[1211/233816.598:WARNING:pe_image_reader.cc(340)] could not read dos header from C:\Windows\System32\OLEAUT32.dll
[1211/233816.598:ERROR:process_memory_win.cc(73)] ReadMemory at 0x7ffb67020000 of 64 bytes failed: Only part of a ReadProcessMemory or WriteProcessMemory request was completed. (0x12B)
[1211/233816.598:WARNING:pe_image_reader.cc(340)] could not read dos header from C:\Windows\System32\msvcp_win.dll
[1211/233816.598:ERROR:process_memory_win.cc(73)] ReadMemory at 0x7ffb66e50000 of 64 bytes failed: Only part of a ReadProcessMemory or WriteProcessMemory request was completed. (0x12B)
[1211/233816.599:WARNING:pe_image_reader.cc(340)] could not read dos header from C:\Windows\System32\ucrtbase.dll
[1211/233816.599:ERROR:process_memory_win.cc(73)] ReadMemory at 0x7ffb689c0000 of 64 bytes failed: Only part of a ReadProcessMemory or WriteProcessMemory request was completed. (0x12B)
[1211/233816.599:WARNING:pe_image_reader.cc(340)] could not read dos header from C:\Windows\System32\combase.dll
[1211/233816.599:ERROR:process_memory_win.cc(73)] ReadMemory at 0x7ffb66c80000 of 64 bytes failed: Only part of a ReadProcessMemory or WriteProcessMemory request was completed. (0x12B)
[1211/233816.599:WARNING:pe_image_reader.cc(340)] could not read dos header from C:\Windows\System32\WINTRUST.dll
[1211/233816.599:ERROR:process_memory_win.cc(73)] ReadMemory at 0x7ffb65f00000 of 64 bytes failed: Only part of a ReadProcessMemory or WriteProcessMemory request was completed. (0x12B)
[1211/233816.599:WARNING:pe_image_reader.cc(340)] could not read dos header from C:\Windows\System32\MSASN1.dll
[1211/233816.599:ERROR:process_memory_win.cc(73)] ReadMemory at 0x7ffb66ce0000 of 64 bytes failed: Only part of a ReadProcessMemory or WriteProcessMemory request was completed. (0x12B)
[1211/233816.599:WARNING:pe_image_reader.cc(340)] could not read dos header from C:\Windows\System32\CRYPT32.dll
[1211/233816.600:ERROR:process_memory_win.cc(73)] ReadMemory at 0x7ffb55e90000 of 64 bytes failed: Only part of a ReadProcessMemory or WriteProcessMemory request was completed. (0x12B)
[1211/233816.600:WARNING:pe_image_reader.cc(340)] could not read dos header from C:\Windows\SYSTEM32\dbghelp.dll
[1211/233816.600:ERROR:process_memory_win.cc(73)] ReadMemory at 0x7ffb653f0000 of 64 bytes failed: Only part of a ReadProcessMemory or WriteProcessMemory request was completed. (0x12B)
[1211/233816.600:WARNING:pe_image_reader.cc(340)] could not read dos header from C:\Windows\SYSTEM32\IPHLPAPI.DLL
[1211/233816.600:ERROR:process_memory_win.cc(73)] ReadMemory at 0x7ffb63e30000 of 64 bytes failed: Only part of a ReadProcessMemory or WriteProcessMemory request was completed. (0x12B)
[1211/233816.600:WARNING:pe_image_reader.cc(340)] could not read dos header from C:\Windows\SYSTEM32\WINMM.dll
[1211/233816.600:ERROR:process_memory_win.cc(73)] ReadMemory at 0x7ffb4a650000 of 64 bytes failed: Only part of a ReadProcessMemory or WriteProcessMemory request was completed. (0x12B)
[1211/233816.600:WARNING:pe_image_reader.cc(340)] could not read dos header from C:\Windows\SYSTEM32\UIAutomationCore.DLL
[1211/233816.600:ERROR:process_memory_win.cc(73)] ReadMemory at 0x7ffb55c40000 of 64 bytes failed: Only part of a ReadProcessMemory or WriteProcessMemory request was completed. (0x12B)
[1211/233816.600:WARNING:pe_image_reader.cc(340)] could not read dos header from C:\Windows\SYSTEM32\Secur32.dll
[1211/233816.601:ERROR:process_memory_win.cc(73)] ReadMemory at 0x7ffb65e10000 of 64 bytes failed: Only part of a ReadProcessMemory or WriteProcessMemory request was completed. (0x12B)
[1211/233816.601:WARNING:pe_image_reader.cc(340)] could not read dos header from C:\Windows\SYSTEM32\USERENV.dll
[1211/233816.601:ERROR:process_memory_win.cc(73)] ReadMemory at 0x7ffb65f20000 of 64 bytes failed: Only part of a ReadProcessMemory or WriteProcessMemory request was completed. (0x12B)
[1211/233816.601:WARNING:pe_image_reader.cc(340)] could not read dos header from C:\Windows\System32\profapi.dll
[1211/233816.601:ERROR:process_memory_win.cc(73)] ReadMemory at 0x7ffb58d70000 of 64 bytes failed: Only part of a ReadProcessMemory or WriteProcessMemory request was completed. (0x12B)
[1211/233816.601:WARNING:pe_image_reader.cc(340)] could not read dos header from C:\Windows\SYSTEM32\DWrite.dll
[1211/233816.601:ERROR:process_memory_win.cc(73)] ReadMemory at 0x7ffb57160000 of 64 bytes failed: Only part of a ReadProcessMemory or WriteProcessMemory request was completed. (0x12B)
[1211/233816.601:WARNING:pe_image_reader.cc(340)] could not read dos header from C:\Windows\SYSTEM32\WINSPOOL.DRV
[1211/233816.602:ERROR:process_memory_win.cc(73)] ReadMemory at 0x7ffb65f50000 of 64 bytes failed: Only part of a ReadProcessMemory or WriteProcessMemory request was completed. (0x12B)
[1211/233816.602:WARNING:pe_image_reader.cc(340)] could not read dos header from C:\Windows\System32\kernel.appcore.dll
[1211/233816.602:ERROR:process_memory_win.cc(73)] ReadMemory at 0x7ffb65fc0000 of 64 bytes failed: Only part of a ReadProcessMemory or WriteProcessMemory request was completed. (0x12B)
[1211/233816.602:WARNING:pe_image_reader.cc(340)] could not read dos header from C:\Windows\System32\bcrypt.dll
[1211/233816.603:ERROR:process_memory_win.cc(73)] ReadMemory at 0x7ffb5c650000 of 64 bytes failed: Only part of a ReadProcessMemory or WriteProcessMemory request was completed. (0x12B)
[1211/233816.603:WARNING:pe_image_reader.cc(340)] could not read dos header from C:\Windows\SYSTEM32\WINHTTP.dll
[1211/233816.603:ERROR:process_memory_win.cc(73)] ReadMemory at 0x7ffb5ce10000 of 64 bytes failed: Only part of a ReadProcessMemory or WriteProcessMemory request was completed. (0x12B)
[1211/233816.603:WARNING:pe_image_reader.cc(340)] could not read dos header from C:\Windows\SYSTEM32\dhcpcsvc.DLL
[1211/233816.603:ERROR:process_memory_win.cc(73)] ReadMemory at 0x7ffb670f0000 of 64 bytes failed: Only part of a ReadProcessMemory or WriteProcessMemory request was completed. (0x12B)
[1211/233816.603:WARNING:pe_image_reader.cc(340)] could not read dos header from C:\Windows\System32\NSI.dll
[1211/233816.603:ERROR:process_memory_win.cc(73)] ReadMemory at 0x7ffb63e00000 of 64 bytes failed: Only part of a ReadProcessMemory or WriteProcessMemory request was completed. (0x12B)
[1211/233816.603:WARNING:pe_image_reader.cc(340)] could not read dos header from C:\Windows\SYSTEM32\WINMMBASE.dll
[1211/233816.603:ERROR:process_memory_win.cc(73)] ReadMemory at 0x7ffb66f50000 of 64 bytes failed: Only part of a ReadProcessMemory or WriteProcessMemory request was completed. (0x12B)
[1211/233816.604:WARNING:pe_image_reader.cc(340)] could not read dos header from C:\Windows\System32\cfgmgr32.dll
[1211/233816.604:ERROR:process_memory_win.cc(73)] ReadMemory at 0x7ffb62870000 of 64 bytes failed: Only part of a ReadProcessMemory or WriteProcessMemory request was completed. (0x12B)
[1211/233816.604:WARNING:pe_image_reader.cc(340)] could not read dos header from C:\Windows\SYSTEM32\PROPSYS.dll
[1211/233816.604:ERROR:process_memory_win.cc(73)] ReadMemory at 0x7ffb67c30000 of 64 bytes failed: Only part of a ReadProcessMemory or WriteProcessMemory request was completed. (0x12B)
[1211/233816.604:WARNING:pe_image_reader.cc(340)] could not read dos header from C:\Windows\System32\shcore.dll
[1211/233816.604:ERROR:process_memory_win.cc(73)] ReadMemory at 0x7ffb65dd0000 of 64 bytes failed: Only part of a ReadProcessMemory or WriteProcessMemory request was completed. (0x12B)
[1211/233816.604:WARNING:pe_image_reader.cc(340)] could not read dos header from C:\Windows\SYSTEM32\SSPICLI.DLL
[1211/233816.604:ERROR:process_memory_win.cc(73)] ReadMemory at 0x7ffb658b0000 of 64 bytes failed: Only part of a ReadProcessMemory or WriteProcessMemory request was completed. (0x12B)
[1211/233816.604:WARNING:pe_image_reader.cc(340)] could not read dos header from C:\Windows\SYSTEM32\CRYPTBASE.DLL
[1211/233816.684:ERROR:process_memory_win.cc(73)] ReadMemory at 0xab0fbd1000 of 192512 bytes failed: Only part of a ReadProcessMemory or WriteProcessMemory request was completed. (0x12B)
[1211/233816.685:ERROR:process_memory_win.cc(73)] ReadMemory at 0xab103fe000 of 8192 bytes failed: Only part of a ReadProcessMemory or WriteProcessMemory request was completed. (0x12B)
[1211/233816.685:ERROR:process_memory_win.cc(73)] ReadMemory at 0xab113fd000 of 12288 bytes failed: Only part of a ReadProcessMemory or WriteProcessMemory request was completed. (0x12B)
[1211/233816.685:ERROR:process_memory_win.cc(73)] ReadMemory at 0xab11bfc000 of 16384 bytes failed: Only part of a ReadProcessMemory or WriteProcessMemory request was completed. (0x12B)
[1211/233816.685:ERROR:process_memory_win.cc(73)] ReadMemory at 0xab123ff000 of 4096 bytes failed: Only part of a ReadProcessMemory or WriteProcessMemory request was completed. (0x12B)
[1211/233816.685:ERROR:process_memory_win.cc(73)] ReadMemory at 0xab12bfe000 of 8192 bytes failed: Only part of a ReadProcessMemory or WriteProcessMemory request was completed. (0x12B)
[1211/233816.685:ERROR:process_memory_win.cc(73)] ReadMemory at 0xab13bfc000 of 16384 bytes failed: Only part of a ReadProcessMemory or WriteProcessMemory request was completed. (0x12B)
[1211/233816.685:ERROR:process_memory_win.cc(73)] ReadMemory at 0xab143fc000 of 16384 bytes failed: Only part of a ReadProcessMemory or WriteProcessMemory request was completed. (0x12B)
[1211/233816.685:ERROR:process_memory_win.cc(73)] ReadMemory at 0xab14bfa000 of 24576 bytes failed: Only part of a ReadProcessMemory or WriteProcessMemory request was completed. (0x12B)
[1211/233816.686:ERROR:process_memory_win.cc(73)] ReadMemory at 0xab153fa000 of 24576 bytes failed: Only part of a ReadProcessMemory or WriteProcessMemory request was completed. (0x12B)
[1211/233816.686:ERROR:process_memory_win.cc(73)] ReadMemory at 0xab15bee000 of 73728 bytes failed: Only part of a ReadProcessMemory or WriteProcessMemory request was completed. (0x12B)
[1211/233816.686:ERROR:process_memory_win.cc(73)] ReadMemory at 0xab183fe000 of 8192 bytes failed: Only part of a ReadProcessMemory or WriteProcessMemory request was completed. (0x12B)
[1211/233816.686:ERROR:process_memory_win.cc(73)] ReadMemory at 0xab163fe000 of 8192 bytes failed: Only part of a ReadProcessMemory or WriteProcessMemory request was completed. (0x12B)
[1211/233816.686:ERROR:process_memory_win.cc(73)] ReadMemory at 0xab10bfe000 of 8192 bytes failed: Only part of a ReadProcessMemory or WriteProcessMemory request was completed. (0x12B)
[1211/233816.686:ERROR:process_memory_win.cc(73)] ReadMemory at 0xab133fe000 of 8192 bytes failed: Only part of a ReadProcessMemory or WriteProcessMemory request was completed. (0x12B)
[1211/233816.686:ERROR:process_memory_win.cc(73)] ReadMemory at 0xab16bfe000 of 8192 bytes failed: Only part of a ReadProcessMemory or WriteProcessMemory request was completed. (0x12B)
[1211/233816.687:ERROR:process_memory_win.cc(73)] ReadMemory at 0xab0f32a000 of 852 bytes failed: Only part of a ReadProcessMemory or WriteProcessMemory request was completed. (0x12B)
[1211/233816.687:ERROR:process_memory_win.cc(73)] ReadMemory at 0xab0f32b000 of 6024 bytes failed: Only part of a ReadProcessMemory or WriteProcessMemory request was completed. (0x12B)
[1211/233816.687:ERROR:process_memory_win.cc(73)] ReadMemory at 0xab0f32d000 of 6024 bytes failed: Only part of a ReadProcessMemory or WriteProcessMemory request was completed. (0x12B)
[1211/233816.687:ERROR:process_memory_win.cc(73)] ReadMemory at 0xab0f331000 of 6024 bytes failed: Only part of a ReadProcessMemory or WriteProcessMemory request was completed. (0x12B)
[1211/233816.687:ERROR:process_memory_win.cc(73)] ReadMemory at 0xab0f333000 of 6024 bytes failed: Only part of a ReadProcessMemory or WriteProcessMemory request was completed. (0x12B)
[1211/233816.687:ERROR:process_memory_win.cc(73)] ReadMemory at 0xab0f335000 of 6024 bytes failed: Only part of a ReadProcessMemory or WriteProcessMemory request was completed. (0x12B)
[1211/233816.687:ERROR:process_memory_win.cc(73)] ReadMemory at 0xab0f337000 of 6024 bytes failed: Only part of a ReadProcessMemory or WriteProcessMemory request was completed. (0x12B)
[1211/233816.688:ERROR:process_memory_win.cc(73)] ReadMemory at 0xab0f33b000 of 6024 bytes failed: Only part of a ReadProcessMemory or WriteProcessMemory request was completed. (0x12B)
[1211/233816.688:ERROR:process_memory_win.cc(73)] ReadMemory at 0xab0f33d000 of 6024 bytes failed: Only part of a ReadProcessMemory or WriteProcessMemory request was completed. (0x12B)
[1211/233816.688:ERROR:process_memory_win.cc(73)] ReadMemory at 0xab0f33f000 of 6024 bytes failed: Only part of a ReadProcessMemory or WriteProcessMemory request was completed. (0x12B)
[1211/233816.688:ERROR:process_memory_win.cc(73)] ReadMemory at 0xab0f341000 of 6024 bytes failed: Only part of a ReadProcessMemory or WriteProcessMemory request was completed. (0x12B)
[1211/233816.688:ERROR:process_memory_win.cc(73)] ReadMemory at 0xab0f349000 of 6024 bytes failed: Only part of a ReadProcessMemory or WriteProcessMemory request was completed. (0x12B)
[1211/233816.688:ERROR:process_memory_win.cc(73)] ReadMemory at 0xab0f351000 of 6024 bytes failed: Only part of a ReadProcessMemory or WriteProcessMemory request was completed. (0x12B)
[1211/233816.688:ERROR:process_memory_win.cc(73)] ReadMemory at 0xab0f3c5000 of 6024 bytes failed: Only part of a ReadProcessMemory or WriteProcessMemory request was completed. (0x12B)
[1211/233816.688:ERROR:process_memory_win.cc(73)] ReadMemory at 0xab0f3c7000 of 6024 bytes failed: Only part of a ReadProcessMemory or WriteProcessMemory request was completed. (0x12B)
[1211/233816.689:ERROR:process_memory_win.cc(73)] ReadMemory at 0xab0f3c9000 of 6024 bytes failed: Only part of a ReadProcessMemory or WriteProcessMemory request was completed. (0x12B)
[1211/233816.689:ERROR:process_memory_win.cc(73)] ReadMemory at 0xab0f3cb000 of 6024 bytes failed: Only part of a ReadProcessMemory or WriteProcessMemory request was completed. (0x12B)
[1211/233816.689:ERROR:process_memory_win.cc(73)] ReadMemory at 0x1c1cc360ad0 of 512 bytes failed: Only part of a ReadProcessMemory or WriteProcessMemory request was completed. (0x12B)
[1211/233816.689:ERROR:process_memory_win.cc(73)] ReadMemory at 0x1c1cc360fe0 of 18588 bytes failed: Only part of a ReadProcessMemory or WriteProcessMemory request was completed. (0x12B)
[1211/233816.710:ERROR:process_memory_win.cc(73)] ReadMemory at 0x1c1cc365890 of 1012 bytes failed: Only part of a ReadProcessMemory or WriteProcessMemory request was completed. (0x12B)
[1211/233816.710:ERROR:process_memory_win.cc(73)] ReadMemory at 0x1c1cc365ed8 of 106 bytes failed: Only part of a ReadProcessMemory or WriteProcessMemory request was completed. (0x12B)
[1211/233816.710:ERROR:process_memory_win.cc(73)] ReadMemory at 0x1c1cc365f44 of 666 bytes failed: Only part of a ReadProcessMemory or WriteProcessMemory request was completed. (0x12B)
[1211/233816.710:ERROR:process_memory_win.cc(73)] ReadMemory at 0x1c1cc3661e0 of 106 bytes failed: Only part of a ReadProcessMemory or WriteProcessMemory request was completed. (0x12B)
[1211/233816.726:ERROR:process_memory_win.cc(73)] ReadMemory at 0x1c1cc36624c of 96 bytes failed: Only part of a ReadProcessMemory or WriteProcessMemory request was completed. (0x12B)
[1211/233816.726:ERROR:process_memory_win.cc(73)] ReadMemory at 0x1c1cc3662c0 of 58 bytes failed: Only part of a ReadProcessMemory or WriteProcessMemory request was completed. (0x12B)
[1211/233816.726:ERROR:process_memory_win.cc(73)] ReadMemory at 0x1c1cc3663c0 of 132 bytes failed: Only part of a ReadProcessMemory or WriteProcessMemory request was completed. (0x12B)
[1211/233816.726:ERROR:process_memory_win.cc(73)] ReadMemory at 0x1c1cc366550 of 132 bytes failed: Only part of a ReadProcessMemory or WriteProcessMemory request was completed. (0x12B)
[1211/233816.726:ERROR:process_memory_win.cc(73)] ReadMemory at 0x1c1cc366710 of 112 bytes failed: Only part of a ReadProcessMemory or WriteProcessMemory request was completed. (0x12B)
[1211/233816.726:ERROR:process_memory_win.cc(73)] ReadMemory at 0x1c1cc366c10 of 132 bytes failed: Only part of a ReadProcessMemory or WriteProcessMemory request was completed. (0x12B)
[1211/233816.726:ERROR:process_memory_win.cc(73)] ReadMemory at 0x1c1cc366da0 of 64 bytes failed: Only part of a ReadProcessMemory or WriteProcessMemory request was completed. (0x12B)
[1211/233816.726:ERROR:process_memory_win.cc(73)] ReadMemory at 0x1c1cc366f50 of 132 bytes failed: Only part of a ReadProcessMemory or WriteProcessMemory request was completed. (0x12B)
[1211/233816.726:ERROR:process_memory_win.cc(73)] ReadMemory at 0x1c1cc367200 of 132 bytes failed: Only part of a ReadProcessMemory or WriteProcessMemory request was completed. (0x12B)
[1211/233816.727:ERROR:process_memory_win.cc(73)] ReadMemory at 0x1c1cc367390 of 68 bytes failed: Only part of a ReadProcessMemory or WriteProcessMemory request was completed. (0x12B)
[1211/233816.727:ERROR:process_memory_win.cc(73)] ReadMemory at 0x1c1cc368430 of 132 bytes failed: Only part of a ReadProcessMemory or WriteProcessMemory request was completed. (0x12B)
[1211/233816.727:ERROR:process_memory_win.cc(73)] ReadMemory at 0x1c1cc368560 of 140 bytes failed: Only part of a ReadProcessMemory or WriteProcessMemory request was completed. (0x12B)
[1211/233816.727:ERROR:process_memory_win.cc(73)] ReadMemory at 0x1c1cc368c40 of 62 bytes failed: Only part of a ReadProcessMemory or WriteProcessMemory request was completed. (0x12B)
[1211/233816.727:ERROR:process_memory_win.cc(73)] ReadMemory at 0x1c1cc369200 of 132 bytes failed: Only part of a ReadProcessMemory or WriteProcessMemory request was completed. (0x12B)
[1211/233816.727:ERROR:process_memory_win.cc(73)] ReadMemory at 0x1c1cc369390 of 60 bytes failed: Only part of a ReadProcessMemory or WriteProcessMemory request was completed. (0x12B)
[1211/233816.727:ERROR:process_memory_win.cc(73)] ReadMemory at 0x1c1cc378f20 of 62 bytes failed: Only part of a ReadProcessMemory or WriteProcessMemory request was completed. (0x12B)
[1211/233816.727:ERROR:process_memory_win.cc(73)] ReadMemory at 0x1c1cc37bfa0 of 132 bytes failed: Only part of a ReadProcessMemory or WriteProcessMemory request was completed. (0x12B)
[1211/233816.727:ERROR:process_memory_win.cc(73)] ReadMemory at 0x1c1cc37c0d0 of 132 bytes failed: Only part of a ReadProcessMemory or WriteProcessMemory request was completed. (0x12B)
[1211/233816.728:ERROR:process_memory_win.cc(73)] ReadMemory at 0x1c1cc37c500 of 80 bytes failed: Only part of a ReadProcessMemory or WriteProcessMemory request was completed. (0x12B)
[1211/233816.728:ERROR:process_memory_win.cc(73)] ReadMemory at 0x1c1cc37d770 of 132 bytes failed: Only part of a ReadProcessMemory or WriteProcessMemory request was completed. (0x12B)
[1211/233816.728:ERROR:process_memory_win.cc(73)] ReadMemory at 0x1c1cc37e900 of 132 bytes failed: Only part of a ReadProcessMemory or WriteProcessMemory request was completed. (0x12B)
[1211/233816.728:ERROR:process_memory_win.cc(73)] ReadMemory at 0x1c1cc37ea30 of 132 bytes failed: Only part of a ReadProcessMemory or WriteProcessMemory request was completed. (0x12B)
[1211/233816.728:ERROR:process_memory_win.cc(73)] ReadMemory at 0x1c1cc37ec90 of 132 bytes failed: Only part of a ReadProcessMemory or WriteProcessMemory request was completed. (0x12B)
[1211/233816.728:ERROR:process_memory_win.cc(73)] ReadMemory at 0x1c1cc37edc0 of 132 bytes failed: Only part of a ReadProcessMemory or WriteProcessMemory request was completed. (0x12B)
[1211/233816.728:ERROR:process_memory_win.cc(73)] ReadMemory at 0x1c1cc37eef0 of 132 bytes failed: Only part of a ReadProcessMemory or WriteProcessMemory request was completed. (0x12B)
[1211/233816.812:ERROR:process_memory_win.cc(73)] ReadMemory at 0x1c1cc37f020 of 132 bytes failed: Only part of a ReadProcessMemory or WriteProcessMemory request was completed. (0x12B)
[1211/233816.812:ERROR:process_memory_win.cc(73)] ReadMemory at 0x1c1cc37f150 of 132 bytes failed: Only part of a ReadProcessMemory or WriteProcessMemory request was completed. (0x12B)
[1211/233816.812:ERROR:process_memory_win.cc(73)] ReadMemory at 0x1c1cc37f280 of 132 bytes failed: Only part of a ReadProcessMemory or WriteProcessMemory request was completed. (0x12B)
[1211/233816.813:ERROR:process_memory_win.cc(73)] ReadMemory at 0x1c1cc37f3b0 of 132 bytes failed: Only part of a ReadProcessMemory or WriteProcessMemory request was completed. (0x12B)
[1211/233816.813:ERROR:process_memory_win.cc(73)] ReadMemory at 0x1c1cc37f4e0 of 132 bytes failed: Only part of a ReadProcessMemory or WriteProcessMemory request was completed. (0x12B)
[1211/233816.813:ERROR:process_memory_win.cc(73)] ReadMemory at 0x1c1cc37f610 of 132 bytes failed: Only part of a ReadProcessMemory or WriteProcessMemory request was completed. (0x12B)
[1211/233816.813:ERROR:process_memory_win.cc(73)] ReadMemory at 0x1c1cc37f740 of 132 bytes failed: Only part of a ReadProcessMemory or WriteProcessMemory request was completed. (0x12B)
[1211/233816.814:ERROR:process_memory_win.cc(73)] ReadMemory at 0x1c1cc383980 of 132 bytes failed: Only part of a ReadProcessMemory or WriteProcessMemory request was completed. (0x12B)
[1211/233816.814:ERROR:process_memory_win.cc(73)] ReadMemory at 0x1c1cc383c60 of 132 bytes failed: Only part of a ReadProcessMemory or WriteProcessMemory request was completed. (0x12B)
[1211/233816.814:ERROR:process_memory_win.cc(73)] ReadMemory at 0x1c1cc3851c0 of 54 bytes failed: Only part of a ReadProcessMemory or WriteProcessMemory request was completed. (0x12B)
[1211/233816.814:ERROR:process_memory_win.cc(73)] ReadMemory at 0x1c1cc385fa0 of 60 bytes failed: Only part of a ReadProcessMemory or WriteProcessMemory request was completed. (0x12B)
[1211/233816.981:ERROR:process_memory_win.cc(73)] ReadMemory at 0x1c1cc386040 of 62 bytes failed: Only part of a ReadProcessMemory or WriteProcessMemory request was completed. (0x12B)
[1211/233816.981:ERROR:process_memory_win.cc(73)] ReadMemory at 0x1c1cc3860e0 of 64 bytes failed: Only part of a ReadProcessMemory or WriteProcessMemory request was completed. (0x12B)
[1211/233817.227:ERROR:process_memory_win.cc(73)] ReadMemory at 0x1c1cc386180 of 60 bytes failed: Only part of a ReadProcessMemory or WriteProcessMemory request was completed. (0x12B)
[1211/233817.264:ERROR:process_memory_win.cc(73)] ReadMemory at 0x1c1cc386220 of 60 bytes failed: Only part of a ReadProcessMemory or WriteProcessMemory request was completed. (0x12B)
[1211/233817.265:ERROR:process_memory_win.cc(73)] ReadMemory at 0x1c1cc386270 of 64 bytes failed: Only part of a ReadProcessMemory or WriteProcessMemory request was completed. (0x12B)
[1211/233817.265:ERROR:process_memory_win.cc(73)] ReadMemory at 0x1c1cc386310 of 62 bytes failed: Only part of a ReadProcessMemory or WriteProcessMemory request was completed. (0x12B)
[1211/233817.265:ERROR:process_memory_win.cc(73)] ReadMemory at 0x1c1cc386360 of 58 bytes failed: Only part of a ReadProcessMemory or WriteProcessMemory request was completed. (0x12B)
[1211/233817.265:ERROR:process_memory_win.cc(73)] ReadMemory at 0x1c1cc3863b0 of 66 bytes failed: Only part of a ReadProcessMemory or WriteProcessMemory request was completed. (0x12B)
[1211/233817.265:ERROR:process_memory_win.cc(73)] ReadMemory at 0x1c1cc386540 of 64 bytes failed: Only part of a ReadProcessMemory or WriteProcessMemory request was completed. (0x12B)
[1211/233817.265:ERROR:process_memory_win.cc(73)] ReadMemory at 0x1c1cc386590 of 60 bytes failed: Only part of a ReadProcessMemory or WriteProcessMemory request was completed. (0x12B)
[1211/233817.265:ERROR:process_memory_win.cc(73)] ReadMemory at 0x1c1cc386630 of 62 bytes failed: Only part of a ReadProcessMemory or WriteProcessMemory request was completed. (0x12B)
[1211/233817.265:ERROR:process_memory_win.cc(73)] ReadMemory at 0x1c1cc386810 of 60 bytes failed: Only part of a ReadProcessMemory or WriteProcessMemory request was completed. (0x12B)
[1211/233817.265:ERROR:process_memory_win.cc(73)] ReadMemory at 0x1c1cc386860 of 66 bytes failed: Only part of a ReadProcessMemory or WriteProcessMemory request was completed. (0x12B)
[1211/233817.266:ERROR:process_memory_win.cc(73)] ReadMemory at 0x1c1cc3868b0 of 62 bytes failed: Only part of a ReadProcessMemory or WriteProcessMemory request was completed. (0x12B)
[1211/233817.322:ERROR:process_memory_win.cc(73)] ReadMemory at 0x1c1cc386900 of 64 bytes failed: Only part of a ReadProcessMemory or WriteProcessMemory request was completed. (0x12B)
[1211/233817.322:ERROR:process_memory_win.cc(73)] ReadMemory at 0x1c1cc386950 of 64 bytes failed: Only part of a ReadProcessMemory or WriteProcessMemory request was completed. (0x12B)
[1211/233817.323:ERROR:process_memory_win.cc(73)] ReadMemory at 0x1c1cc3869a0 of 64 bytes failed: Only part of a ReadProcessMemory or WriteProcessMemory request was completed. (0x12B)
[1211/233817.323:ERROR:process_memory_win.cc(73)] ReadMemory at 0x1c1cc386a40 of 64 bytes failed: Only part of a ReadProcessMemory or WriteProcessMemory request was completed. (0x12B)
[1211/233817.323:ERROR:process_memory_win.cc(73)] ReadMemory at 0x1c1cc386b30 of 62 bytes failed: Only part of a ReadProcessMemory or WriteProcessMemory request was completed. (0x12B)
[1211/233817.323:ERROR:process_memory_win.cc(73)] ReadMemory at 0x1c1cc386b80 of 62 bytes failed: Only part of a ReadProcessMemory or WriteProcessMemory request was completed. (0x12B)
[1211/233817.324:ERROR:process_memory_win.cc(73)] ReadMemory at 0x1c1cc386c20 of 60 bytes failed: Only part of a ReadProcessMemory or WriteProcessMemory request was completed. (0x12B)
[1211/233817.324:ERROR:process_memory_win.cc(73)] ReadMemory at 0x1c1cc386c70 of 62 bytes failed: Only part of a ReadProcessMemory or WriteProcessMemory request was completed. (0x12B)
[1211/233817.324:ERROR:process_memory_win.cc(73)] ReadMemory at 0x1c1cc386cc0 of 62 bytes failed: Only part of a ReadProcessMemory or WriteProcessMemory request was completed. (0x12B)
[1211/233817.324:ERROR:process_memory_win.cc(73)] ReadMemory at 0x1c1cc386d60 of 64 bytes failed: Only part of a ReadProcessMemory or WriteProcessMemory request was completed. (0x12B)
[1211/233817.324:ERROR:process_memory_win.cc(73)] ReadMemory at 0x1c1cc386ef0 of 62 bytes failed: Only part of a ReadProcessMemory or WriteProcessMemory request was completed. (0x12B)
[1211/233817.325:ERROR:process_memory_win.cc(73)] ReadMemory at 0x1c1cc3876c0 of 132 bytes failed: Only part of a ReadProcessMemory or WriteProcessMemory request was completed. (0x12B)
[1211/233817.325:ERROR:process_memory_win.cc(73)] ReadMemory at 0x1c1cc38b2e0 of 132 bytes failed: Only part of a ReadProcessMemory or WriteProcessMemory request was completed. (0x12B)
[1211/233817.325:ERROR:process_memory_win.cc(73)] ReadMemory at 0x1c1cc38b840 of 132 bytes failed: Only part of a ReadProcessMemory or WriteProcessMemory request was completed. (0x12B)
[1211/233817.326:ERROR:process_memory_win.cc(73)] ReadMemory at 0x1c1cc38bb60 of 132 bytes failed: Only part of a ReadProcessMemory or WriteProcessMemory request was completed. (0x12B)
[1211/233817.326:ERROR:process_memory_win.cc(73)] ReadMemory at 0x1c1cc38d9e0 of 132 bytes failed: Only part of a ReadProcessMemory or WriteProcessMemory request was completed. (0x12B)
[1211/233817.326:ERROR:process_memory_win.cc(73)] ReadMemory at 0x1c1cc38dd40 of 132 bytes failed: Only part of a ReadProcessMemory or WriteProcessMemory request was completed. (0x12B)
[1211/233817.326:ERROR:process_memory_win.cc(73)] ReadMemory at 0x1c1cc38e6b0 of 76 bytes failed: Only part of a ReadProcessMemory or WriteProcessMemory request was completed. (0x12B)
[1211/233817.326:ERROR:process_memory_win.cc(73)] ReadMemory at 0x1c1cc38ee90 of 80 bytes failed: Only part of a ReadProcessMemory or WriteProcessMemory request was completed. (0x12B)
[1211/233817.327:ERROR:process_memory_win.cc(73)] ReadMemory at 0x1c1cc38f0d0 of 132 bytes failed: Only part of a ReadProcessMemory or WriteProcessMemory request was completed. (0x12B)
[1211/233817.327:ERROR:process_memory_win.cc(73)] ReadMemory at 0x1c1cc38f200 of 132 bytes failed: Only part of a ReadProcessMemory or WriteProcessMemory request was completed. (0x12B)
[1211/233817.327:ERROR:process_memory_win.cc(73)] ReadMemory at 0x1c1cc38f920 of 132 bytes failed: Only part of a ReadProcessMemory or WriteProcessMemory request was completed. (0x12B)
[1211/233817.327:ERROR:process_memory_win.cc(73)] ReadMemory at 0x1c1cc38ff10 of 132 bytes failed: Only part of a ReadProcessMemory or WriteProcessMemory request was completed. (0x12B)
[1211/233817.327:ERROR:process_memory_win.cc(73)] ReadMemory at 0x1c1cc390170 of 132 bytes failed: Only part of a ReadProcessMemory or WriteProcessMemory request was completed. (0x12B)
[1211/233817.328:ERROR:process_memory_win.cc(73)] ReadMemory at 0x1c1cc3902a0 of 132 bytes failed: Only part of a ReadProcessMemory or WriteProcessMemory request was completed. (0x12B)
[1211/233817.328:ERROR:process_memory_win.cc(73)] ReadMemory at 0x1c1cc3903d0 of 132 bytes failed: Only part of a ReadProcessMemory or WriteProcessMemory request was completed. (0x12B)
[1211/233817.328:ERROR:process_memory_win.cc(73)] ReadMemory at 0x1c1cc390630 of 132 bytes failed: Only part of a ReadProcessMemory or WriteProcessMemory request was completed. (0x12B)
[1211/233817.329:ERROR:process_memory_win.cc(73)] ReadMemory at 0x1c1cc390c20 of 132 bytes failed: Only part of a ReadProcessMemory or WriteProcessMemory request was completed. (0x12B)
[1211/233817.329:ERROR:process_memory_win.cc(73)] ReadMemory at 0x1c1cc390d50 of 132 bytes failed: Only part of a ReadProcessMemory or WriteProcessMemory request was completed. (0x12B)
[1211/233817.329:ERROR:process_memory_win.cc(73)] ReadMemory at 0x1c1cc3dbf90 of 512 bytes failed: Only part of a ReadProcessMemory or WriteProcessMemory request was completed. (0x12B)
[1211/233817.329:ERROR:process_memory_win.cc(73)] ReadMemory at 0x1c1cc3dc540 of 512 bytes failed: Only part of a ReadProcessMemory or WriteProcessMemory request was completed. (0x12B)
[1211/233817.329:ERROR:process_memory_win.cc(73)] ReadMemory at 0x1c1cc3f9ae0 of 512 bytes failed: Only part of a ReadProcessMemory or WriteProcessMemory request was completed. (0x12B)
[1211/233817.330:ERROR:process_memory_win.cc(73)] ReadMemory at 0x1c1cc404000 of 512 bytes failed: Only part of a ReadProcessMemory or WriteProcessMemory request was completed. (0x12B)
[1211/233817.330:ERROR:process_memory_win.cc(73)] ReadMemory at 0x1c1cc404a70 of 712 bytes failed: Only part of a ReadProcessMemory or WriteProcessMemory request was completed. (0x12B)
[1211/233817.330:ERROR:process_memory_win.cc(73)] ReadMemory at 0x1c1cc42bf46 of 780 bytes failed: Only part of a ReadProcessMemory or WriteProcessMemory request was completed. (0x12B)
[1211/233817.331:ERROR:process_memory_win.cc(73)] ReadMemory at 0x1c1cc439b70 of 512 bytes failed: Only part of a ReadProcessMemory or WriteProcessMemory request was completed. (0x12B)
[1211/233817.331:ERROR:process_memory_win.cc(73)] ReadMemory at 0x1c1cc45b098 of 512 bytes failed: Only part of a ReadProcessMemory or WriteProcessMemory request was completed. (0x12B)
[1211/233817.331:ERROR:process_memory_win.cc(73)] ReadMemory at 0x1c1cdd29ea0 of 512 bytes failed: Only part of a ReadProcessMemory or WriteProcessMemory request was completed. (0x12B)
[1211/233817.332:ERROR:process_memory_win.cc(73)] ReadMemory at 0x1c1cdd2c0b8 of 512 bytes failed: Only part of a ReadProcessMemory or WriteProcessMemory request was completed. (0x12B)
[1211/233817.332:ERROR:process_memory_win.cc(73)] ReadMemory at 0x1c1cdd7a498 of 512 bytes failed: Only part of a ReadProcessMemory or WriteProcessMemory request was completed. (0x12B)
[1211/233817.332:ERROR:process_memory_win.cc(73)] ReadMemory at 0x1c1cddc9710 of 512 bytes failed: Only part of a ReadProcessMemory or WriteProcessMemory request was completed. (0x12B)
[1211/233817.333:ERROR:process_memory_win.cc(73)] ReadMemory at 0x1c1ce143270 of 512 bytes failed: Only part of a ReadProcessMemory or WriteProcessMemory request was completed. (0x12B)
[1211/233817.333:ERROR:process_memory_win.cc(73)] ReadMemory at 0x1c1ce4af0a0 of 512 bytes failed: Only part of a ReadProcessMemory or WriteProcessMemory request was completed. (0x12B)
[1211/233817.333:ERROR:process_memory_win.cc(73)] ReadMemory at 0x1c1ce4afaa0 of 512 bytes failed: Only part of a ReadProcessMemory or WriteProcessMemory request was completed. (0x12B)
[1211/233817.335:ERROR:process_memory_win.cc(73)] ReadMemory at 0x1c1cfeb82c0 of 512 bytes failed: Only part of a ReadProcessMemory or WriteProcessMemory request was completed. (0x12B)
[1211/233817.335:ERROR:process_memory_win.cc(73)] ReadMemory at 0x1c1d168dd20 of 512 bytes failed: Only part of a ReadProcessMemory or WriteProcessMemory request was completed. (0x12B)
[1211/233817.335:ERROR:process_memory_win.cc(73)] ReadMemory at 0x1c1d168e0a0 of 512 bytes failed: Only part of a ReadProcessMemory or WriteProcessMemory request was completed. (0x12B)
[1211/233817.336:ERROR:process_memory_win.cc(73)] ReadMemory at 0x1c1d4039f70 of 832 bytes failed: Only part of a ReadProcessMemory or WriteProcessMemory request was completed. (0x12B)
[1211/233817.337:ERROR:process_memory_win.cc(73)] ReadMemory at 0xb0cad256620 of 512 bytes failed: Only part of a ReadProcessMemory or WriteProcessMemory request was completed. (0x12B)
[1211/233817.337:ERROR:process_memory_win.cc(73)] ReadMemory at 0xb0cad4cfcc0 of 512 bytes failed: Only part of a ReadProcessMemory or WriteProcessMemory request was completed. (0x12B)
[1211/233817.337:ERROR:process_memory_win.cc(73)] ReadMemory at 0x189d16cc19f0 of 512 bytes failed: Only part of a ReadProcessMemory or WriteProcessMemory request was completed. (0x12B)
[1211/233817.339:ERROR:process_memory_win.cc(73)] ReadMemory at 0x3b232bb3bf80 of 512 bytes failed: Only part of a ReadProcessMemory or WriteProcessMemory request was completed. (0x12B)
[1211/233817.340:ERROR:process_memory_win.cc(73)] ReadMemory at 0x77b43afc2824 of 512 bytes failed: Only part of a ReadProcessMemory or WriteProcessMemory request was completed. (0x12B)
[1211/233817.340:ERROR:process_memory_win.cc(73)] ReadMemory at 0x77b43afc2c80 of 512 bytes failed: Only part of a ReadProcessMemory or WriteProcessMemory request was completed. (0x12B)
[1211/233817.340:ERROR:process_memory_win.cc(73)] ReadMemory at 0x7ffb01a7c560 of 512 bytes failed: Only part of a ReadProcessMemory or WriteProcessMemory request was completed. (0x12B)
[1211/233817.341:ERROR:process_memory_win.cc(73)] ReadMemory at 0x7ffb0217ebb0 of 512 bytes failed: Only part of a ReadProcessMemory or WriteProcessMemory request was completed. (0x12B)
[1211/233817.341:ERROR:process_memory_win.cc(73)] ReadMemory at 0x7ffb093be42c of 512 bytes failed: Only part of a ReadProcessMemory or WriteProcessMemory request was completed. (0x12B)
[1211/233817.341:ERROR:process_memory_win.cc(73)] ReadMemory at 0x7ffb09a35fa0 of 512 bytes failed: Only part of a ReadProcessMemory or WriteProcessMemory request was completed. (0x12B)
[1211/233817.342:ERROR:process_memory_win.cc(73)] ReadMemory at 0x7ffb363fa917 of 512 bytes failed: Only part of a ReadProcessMemory or WriteProcessMemory request was completed. (0x12B)
[1211/233817.342:ERROR:process_memory_win.cc(73)] ReadMemory at 0x7ffb68d81fd0 of 512 bytes failed: Only part of a ReadProcessMemory or WriteProcessMemory request was completed. (0x12B)
[1211/233817.343:ERROR:process_memory_win.cc(73)] ReadMemory at 0x7ffb69040000 of 384 bytes failed: Only part of a ReadProcessMemory or WriteProcessMemory request was completed. (0x12B)
[1211/233817.343:ERROR:process_memory_win.cc(73)] ReadMemory at 0x7ffb690dc6f4 of 672 bytes failed: Only part of a ReadProcessMemory or WriteProcessMemory request was completed. (0x12B)
[1211/233817.343:ERROR:process_memory_win.cc(73)] ReadMemory at 0x7ffb690dffa4 of 608 bytes failed: Only part of a ReadProcessMemory or WriteProcessMemory request was completed. (0x12B)
[1211/233817.343:ERROR:process_memory_win.cc(73)] ReadMemory at 0x7ffb6916c428 of 18 bytes failed: Only part of a ReadProcessMemory or WriteProcessMemory request was completed. (0x12B)
[1211/233817.344:ERROR:process_memory_win.cc(73)] ReadMemory at 0x7ffb6919f4f8 of 40 bytes failed: Only part of a ReadProcessMemory or WriteProcessMemory request was completed. (0x12B)
[1211/233817.344:ERROR:process_memory_win.cc(73)] ReadMemory at 0x7ffb6919f978 of 48 bytes failed: Only part of a ReadProcessMemory or WriteProcessMemory request was completed. (0x12B)
[1211/233817.344:ERROR:process_memory_win.cc(73)] ReadMemory at 0x7ffb691a53c0 of 64 bytes failed: Only part of a ReadProcessMemory or WriteProcessMemory request was completed. (0x12B)
[1211/233817.351:ERROR:scoped_process_suspend.cc(40)] NtResumeProcess: An attempt was made to access an exiting process. (0xc000010a)
[1212/093527.696:ERROR:directory_reader_win.cc(43)] FindFirstFile: The system cannot find the path specified. (0x3)
[1215/165515.477:ERROR:directory_reader_win.cc(43)] FindFirstFile: The system cannot find the path specified. (0x3)
